<?xml version="1.0" encoding="UTF-8"?>
<!-- Generated by org.testng.reporters.JUnitXMLReporter -->
<testsuite ignored="0" hostname="DESKTOP-VN5CE5S" failures="2" tests="2" name="OpencartTest" time="41.088" errors="0" timestamp="2023-06-19T12:43:19 IST">
  <testcase classname="testCases.TC_002LoginTest" name="test_login" time="13.883">
    <failure type="java.lang.AssertionError" message="expected [true] but found [false]">
      <![CDATA[java.lang.AssertionError: expected [true] but found [false]
at testCases.TC_002LoginTest.test_login(TC_002LoginTest.java:39)
at java.base/java.util.ArrayList.forEach(ArrayList.java:1540)
... Removed 38 stack frames]]>
    </failure>
  </testcase> <!-- test_login -->
  <testcase classname="testCases.TC_001AccountRegistrationTest" name="account_registration_test" time="4.307">
    <failure type="java.lang.AssertionError" message="null">
      <![CDATA[java.lang.AssertionError: null
at testCases.TC_001AccountRegistrationTest.account_registration_test(TC_001AccountRegistrationTest.java:50)
at java.base/java.util.ArrayList.forEach(ArrayList.java:1540)
... Removed 33 stack frames]]>
    </failure>
  </testcase> <!-- account_registration_test -->
</testsuite> <!-- OpencartTest -->
